#
# There is insufficient memory for the Java Runtime Environment to continue.
# Native memory allocation (malloc) failed to allocate 939776 bytes. Error detail: Chunk::new
# Possible reasons:
#   The system is out of physical RAM or swap space
#   This process is running with CompressedOops enabled, and the Java Heap may be blocking the growth of the native heap
# Possible solutions:
#   Reduce memory load on the system
#   Increase physical memory or swap space
#   Check if swap backing store is full
#   Decrease Java heap size (-Xmx/-Xms)
#   Decrease number of Java threads
#   Decrease Java thread stack sizes (-Xss)
#   Set larger code cache with -XX:ReservedCodeCacheSize=
#   JVM is running with Unscaled Compressed Oops mode in which the Java heap is
#     placed in the first 4GB address space. The Java Heap base address is the
#     maximum limit for the native heap growth. Please use -XX:HeapBaseMinAddress
#     to set the Java Heap base and to place the Java Heap above 4GB virtual address.
# This output file may be truncated or incomplete.
#
#  Out of Memory Error (arena.cpp:168), pid=26428, tid=7728
#
# JRE version: OpenJDK Runtime Environment Temurin-21.0.5+11 (21.0.5+11) (build 21.0.5+11-LTS)
# Java VM: OpenJDK 64-Bit Server VM Temurin-21.0.5+11 (21.0.5+11-LTS, mixed mode, sharing, tiered, compressed oops, compressed class ptrs, parallel gc, windows-amd64)
# No core dump will be written. Minidumps are not enabled by default on client versions of Windows
#

---------------  S U M M A R Y ------------

Command Line: --add-modules=ALL-SYSTEM --add-opens=java.base/java.util=ALL-UNNAMED --add-opens=java.base/java.lang=ALL-UNNAMED --add-opens=java.base/sun.nio.fs=ALL-UNNAMED -Declipse.application=org.eclipse.jdt.ls.core.id1 -Dosgi.bundles.defaultStartLevel=4 -Declipse.product=org.eclipse.jdt.ls.core.product -Djava.import.generatesMetadataFilesAtProjectRoot=false -DDetectVMInstallationsJob.disabled=true -Dfile.encoding=utf8 -XX:+UseParallelGC -XX:GCTimeRatio=4 -XX:AdaptiveSizePolicyWeight=90 -Dsun.zip.disableMemoryMapping=true -Xmx1G -Xms100m -Xlog:disable -javaagent:c:\Users\senev\.vscode\extensions\redhat.java-1.39.0-win32-x64\lombok\lombok-1.18.34.jar -XX:+HeapDumpOnOutOfMemoryError -XX:HeapDumpPath=c:\Users\senev\AppData\Roaming\Code\User\workspaceStorage\401a6852cf098d5be657f8f24ffe7468\redhat.java -Daether.dependencyCollector.impl=bf c:\Users\senev\.vscode\extensions\redhat.java-1.39.0-win32-x64\server\plugins\org.eclipse.equinox.launcher_1.6.900.v20240613-2009.jar -configuration c:\Users\senev\AppData\Roaming\Code\User\globalStorage\redhat.java\1.39.0\config_win -data c:\Users\senev\AppData\Roaming\Code\User\workspaceStorage\401a6852cf098d5be657f8f24ffe7468\redhat.java\jdt_ws --pipe=\\.\pipe\lsp-92f2a707b9edee5c5dda5a0e385e4824-sock

Host: Intel(R) Core(TM) i5-10300H CPU @ 2.50GHz, 8 cores, 15G,  Windows 11 , 64 bit Build 26100 (10.0.26100.3037)
Time: Mon Feb 24 15:34:17 2025 Sri Lanka Standard Time elapsed time: 26.585247 seconds (0d 0h 0m 26s)

---------------  T H R E A D  ---------------

Current thread (0x0000022b4521a9b0):  JavaThread "C2 CompilerThread0" daemon [_thread_in_native, id=7728, stack(0x0000004214600000,0x0000004214700000) (1024K)]


Current CompileTask:
C2:26585 7952       4       org.eclipse.jdt.internal.compiler.util.JrtFileSystem$2::visitFile (10 bytes)

Stack: [0x0000004214600000,0x0000004214700000]
Native frames: (J=compiled Java code, j=interpreted, Vv=VM code, C=native code)
V  [jvm.dll+0x6cd4e9]
V  [jvm.dll+0x8a7941]
V  [jvm.dll+0x8a9e6e]
V  [jvm.dll+0x8aa543]
V  [jvm.dll+0x27f6d6]
V  [jvm.dll+0xc500d]
V  [jvm.dll+0xc5543]
V  [jvm.dll+0x2f2a9d]
V  [jvm.dll+0x5f67ea]
V  [jvm.dll+0x250b82]
V  [jvm.dll+0x24963f]
V  [jvm.dll+0x246ea4]
V  [jvm.dll+0x1c75ce]
V  [jvm.dll+0x25682a]
V  [jvm.dll+0x254dca]
V  [jvm.dll+0x3f00d6]
V  [jvm.dll+0x8514fb]
V  [jvm.dll+0x6cbbed]
C  [ucrtbase.dll+0x37b0]
C  [KERNEL32.DLL+0x2e8d7]
C  [ntdll.dll+0xbbf2c]


---------------  P R O C E S S  ---------------

Threads class SMR info:
_java_thread_list=0x0000022b8e35a0f0, length=53, elements={
0x0000022b3057b080, 0x0000022b451faef0, 0x0000022b451fd420, 0x0000022b452010a0,
0x0000022b45203f80, 0x0000022b45205b40, 0x0000022b45209b00, 0x0000022b4521a9b0,
0x0000022b4522c470, 0x0000022b305e95b0, 0x0000022b8c34c2e0, 0x0000022b8ce192d0,
0x0000022b8cce1660, 0x0000022b8ccfbda0, 0x0000022b8cc81fd0, 0x0000022b8d469190,
0x0000022b8d6ee940, 0x0000022b8d464a20, 0x0000022b8d461c30, 0x0000022b8d4615a0,
0x0000022b8d463670, 0x0000022b4522cb40, 0x0000022b452294c0, 0x0000022b8d463d00,
0x0000022b8d4622c0, 0x0000022b8d462950, 0x0000022b8d462fe0, 0x0000022b8d464390,
0x0000022b8d882bd0, 0x0000022b8d881eb0, 0x0000022b8d883260, 0x0000022b8d880470,
0x0000022b8d8838f0, 0x0000022b8d881190, 0x0000022b8d883f80, 0x0000022b8d880b00,
0x0000022b8d882540, 0x0000022b8d884610, 0x0000022b8d881820, 0x0000022b8d885330,
0x0000022b8d886d70, 0x0000022b8d887a90, 0x0000022b8d8859c0, 0x0000022b8d884ca0,
0x0000022b8d886050, 0x0000022b8d8866e0, 0x0000022b91637a20, 0x0000022b91636670,
0x0000022b91636d00, 0x0000022b916352c0, 0x0000022b91635950, 0x0000022b91637390,
0x0000022b91634c30
}

Java Threads: ( => current thread )
  0x0000022b3057b080 JavaThread "main"                              [_thread_blocked, id=9140, stack(0x0000004213c00000,0x0000004213d00000) (1024K)]
  0x0000022b451faef0 JavaThread "Reference Handler"          daemon [_thread_blocked, id=25028, stack(0x0000004214000000,0x0000004214100000) (1024K)]
  0x0000022b451fd420 JavaThread "Finalizer"                  daemon [_thread_blocked, id=17080, stack(0x0000004214100000,0x0000004214200000) (1024K)]
  0x0000022b452010a0 JavaThread "Signal Dispatcher"          daemon [_thread_blocked, id=21264, stack(0x0000004214200000,0x0000004214300000) (1024K)]
  0x0000022b45203f80 JavaThread "Attach Listener"            daemon [_thread_blocked, id=24140, stack(0x0000004214300000,0x0000004214400000) (1024K)]
  0x0000022b45205b40 JavaThread "Service Thread"             daemon [_thread_blocked, id=2608, stack(0x0000004214400000,0x0000004214500000) (1024K)]
  0x0000022b45209b00 JavaThread "Monitor Deflation Thread"   daemon [_thread_blocked, id=13804, stack(0x0000004214500000,0x0000004214600000) (1024K)]
=>0x0000022b4521a9b0 JavaThread "C2 CompilerThread0"         daemon [_thread_in_native, id=7728, stack(0x0000004214600000,0x0000004214700000) (1024K)]
  0x0000022b4522c470 JavaThread "C1 CompilerThread0"         daemon [_thread_blocked, id=9700, stack(0x0000004214700000,0x0000004214800000) (1024K)]
  0x0000022b305e95b0 JavaThread "Common-Cleaner"             daemon [_thread_blocked, id=15644, stack(0x0000004214800000,0x0000004214900000) (1024K)]
  0x0000022b8c34c2e0 JavaThread "Notification Thread"        daemon [_thread_blocked, id=20896, stack(0x0000004214a00000,0x0000004214b00000) (1024K)]
  0x0000022b8ce192d0 JavaThread "Active Thread: Equinox Container: 5910d93a-49a6-44ba-84ee-5bff34e1a98d"        [_thread_blocked, id=18476, stack(0x0000004215200000,0x0000004215300000) (1024K)]
  0x0000022b8cce1660 JavaThread "Refresh Thread: Equinox Container: 5910d93a-49a6-44ba-84ee-5bff34e1a98d" daemon [_thread_blocked, id=15500, stack(0x0000004215300000,0x0000004215400000) (1024K)]
  0x0000022b8ccfbda0 JavaThread "Framework Event Dispatcher: Equinox Container: 5910d93a-49a6-44ba-84ee-5bff34e1a98d" daemon [_thread_blocked, id=26312, stack(0x0000004215400000,0x0000004215500000) (1024K)]
  0x0000022b8cc81fd0 JavaThread "Start Level: Equinox Container: 5910d93a-49a6-44ba-84ee-5bff34e1a98d" daemon [_thread_blocked, id=10600, stack(0x0000004215600000,0x0000004215700000) (1024K)]
  0x0000022b8d469190 JavaThread "Bundle File Closer"         daemon [_thread_blocked, id=1840, stack(0x0000004215700000,0x0000004215800000) (1024K)]
  0x0000022b8d6ee940 JavaThread "SCR Component Actor"        daemon [_thread_blocked, id=23764, stack(0x0000004215800000,0x0000004215900000) (1024K)]
  0x0000022b8d464a20 JavaThread "Worker-JM"                         [_thread_blocked, id=16628, stack(0x0000004214b00000,0x0000004214c00000) (1024K)]
  0x0000022b8d461c30 JavaThread "JNA Cleaner"                daemon [_thread_blocked, id=19168, stack(0x0000004215a00000,0x0000004215b00000) (1024K)]
  0x0000022b8d4615a0 JavaThread "Worker-0"                          [_thread_blocked, id=16268, stack(0x0000004215b00000,0x0000004215c00000) (1024K)]
  0x0000022b8d463670 JavaThread "Worker-1: Java indexing... "        [_thread_blocked, id=23944, stack(0x0000004215c00000,0x0000004215d00000) (1024K)]
  0x0000022b4522cb40 JavaThread "C2 CompilerThread1"         daemon [_thread_blocked, id=9312, stack(0x0000004214900000,0x0000004214a00000) (1024K)]
  0x0000022b452294c0 JavaThread "C2 CompilerThread2"         daemon [_thread_blocked, id=19572, stack(0x0000004215d00000,0x0000004215e00000) (1024K)]
  0x0000022b8d463d00 JavaThread "Java indexing"              daemon [_thread_blocked, id=27136, stack(0x0000004215e00000,0x0000004215f00000) (1024K)]
  0x0000022b8d4622c0 JavaThread "Worker-2"                          [_thread_blocked, id=27884, stack(0x0000004215f00000,0x0000004216000000) (1024K)]
  0x0000022b8d462950 JavaThread "Worker-3"                          [_thread_blocked, id=26992, stack(0x0000004216200000,0x0000004216300000) (1024K)]
  0x0000022b8d462fe0 JavaThread "Worker-4"                          [_thread_blocked, id=9516, stack(0x0000004216300000,0x0000004216400000) (1024K)]
  0x0000022b8d464390 JavaThread "Worker-5: Initialize Workspace"        [_thread_blocked, id=8888, stack(0x0000004216400000,0x0000004216500000) (1024K)]
  0x0000022b8d882bd0 JavaThread "Thread-2"                   daemon [_thread_in_native, id=20408, stack(0x0000004216500000,0x0000004216600000) (1024K)]
  0x0000022b8d881eb0 JavaThread "Thread-3"                   daemon [_thread_in_native, id=13220, stack(0x0000004216600000,0x0000004216700000) (1024K)]
  0x0000022b8d883260 JavaThread "Thread-4"                   daemon [_thread_in_native, id=16388, stack(0x0000004216700000,0x0000004216800000) (1024K)]
  0x0000022b8d880470 JavaThread "Thread-5"                   daemon [_thread_in_native, id=15720, stack(0x0000004216800000,0x0000004216900000) (1024K)]
  0x0000022b8d8838f0 JavaThread "Thread-6"                   daemon [_thread_in_native, id=11216, stack(0x0000004216900000,0x0000004216a00000) (1024K)]
  0x0000022b8d881190 JavaThread "Thread-7"                   daemon [_thread_in_native, id=12664, stack(0x0000004216a00000,0x0000004216b00000) (1024K)]
  0x0000022b8d883f80 JavaThread "Thread-8"                   daemon [_thread_in_native, id=15416, stack(0x0000004216b00000,0x0000004216c00000) (1024K)]
  0x0000022b8d880b00 JavaThread "Thread-9"                   daemon [_thread_in_native, id=22084, stack(0x0000004216c00000,0x0000004216d00000) (1024K)]
  0x0000022b8d882540 JavaThread "Thread-10"                  daemon [_thread_in_native, id=9572, stack(0x0000004216d00000,0x0000004216e00000) (1024K)]
  0x0000022b8d884610 JavaThread "pool-2-thread-1"                   [_thread_blocked, id=29620, stack(0x0000004216e00000,0x0000004216f00000) (1024K)]
  0x0000022b8d881820 JavaThread "WorkspaceEventsHandler"            [_thread_blocked, id=25916, stack(0x0000004216f00000,0x0000004217000000) (1024K)]
  0x0000022b8d885330 JavaThread "pool-1-thread-1"                   [_thread_blocked, id=29028, stack(0x0000004217000000,0x0000004217100000) (1024K)]
  0x0000022b8d886d70 JavaThread "Compiler Source File Reader" daemon [_thread_blocked, id=15168, stack(0x0000004217100000,0x0000004217200000) (1024K)]
  0x0000022b8d887a90 JavaThread "Compiler Source File Reader" daemon [_thread_blocked, id=16448, stack(0x0000004217200000,0x0000004217300000) (1024K)]
  0x0000022b8d8859c0 JavaThread "Compiler Source File Reader" daemon [_thread_blocked, id=25936, stack(0x0000004217300000,0x0000004217400000) (1024K)]
  0x0000022b8d884ca0 JavaThread "Compiler Source File Reader" daemon [_thread_blocked, id=5276, stack(0x0000004217400000,0x0000004217500000) (1024K)]
  0x0000022b8d886050 JavaThread "Compiler Source File Reader" daemon [_thread_blocked, id=13016, stack(0x0000004217500000,0x0000004217600000) (1024K)]
  0x0000022b8d8866e0 JavaThread "Compiler Source File Reader" daemon [_thread_blocked, id=6512, stack(0x0000004217600000,0x0000004217700000) (1024K)]
  0x0000022b91637a20 JavaThread "Compiler Processing Task"   daemon [_thread_blocked, id=20016, stack(0x0000004217700000,0x0000004217800000) (1024K)]
  0x0000022b91636670 JavaThread "Compiler Class File Writer" daemon [_thread_blocked, id=15100, stack(0x0000004215900000,0x0000004215a00000) (1024K)]
  0x0000022b91636d00 JavaThread "Compiler Class File Writer" daemon [_thread_blocked, id=1588, stack(0x0000004217800000,0x0000004217900000) (1024K)]
  0x0000022b916352c0 JavaThread "Compiler Class File Writer" daemon [_thread_blocked, id=16896, stack(0x0000004217900000,0x0000004217a00000) (1024K)]
  0x0000022b91635950 JavaThread "Compiler Class File Writer" daemon [_thread_blocked, id=22384, stack(0x0000004217a00000,0x0000004217b00000) (1024K)]
  0x0000022b91637390 JavaThread "Compiler Class File Writer" daemon [_thread_blocked, id=13776, stack(0x0000004217b00000,0x0000004217c00000) (1024K)]
  0x0000022b91634c30 JavaThread "Compiler Class File Writer" daemon [_thread_blocked, id=23456, stack(0x0000004217c00000,0x0000004217d00000) (1024K)]
Total: 53

Other Threads:
  0x0000022b451e25f0 VMThread "VM Thread"                           [id=20944, stack(0x0000004213f00000,0x0000004214000000) (1024K)]
  0x0000022b4511ca00 WatcherThread "VM Periodic Task Thread"        [id=7632, stack(0x0000004213e00000,0x0000004213f00000) (1024K)]
  0x0000022b30599630 WorkerThread "GC Thread#0"                     [id=9088, stack(0x0000004213d00000,0x0000004213e00000) (1024K)]
  0x0000022b8c3cedb0 WorkerThread "GC Thread#1"                     [id=27756, stack(0x0000004214c00000,0x0000004214d00000) (1024K)]
  0x0000022b8c3cf150 WorkerThread "GC Thread#2"                     [id=24332, stack(0x0000004214d00000,0x0000004214e00000) (1024K)]
  0x0000022b8c8e2c50 WorkerThread "GC Thread#3"                     [id=17772, stack(0x0000004214e00000,0x0000004214f00000) (1024K)]
  0x0000022b8c8e2ff0 WorkerThread "GC Thread#4"                     [id=14924, stack(0x0000004214f00000,0x0000004215000000) (1024K)]
  0x0000022b8c5874c0 WorkerThread "GC Thread#5"                     [id=14692, stack(0x0000004215000000,0x0000004215100000) (1024K)]
  0x0000022b8c587860 WorkerThread "GC Thread#6"                     [id=12800, stack(0x0000004215100000,0x0000004215200000) (1024K)]
  0x0000022b8ccfc400 WorkerThread "GC Thread#7"                     [id=24604, stack(0x0000004215500000,0x0000004215600000) (1024K)]
Total: 10

Threads with active compile tasks:
C2 CompilerThread0  26656 7952       4       org.eclipse.jdt.internal.compiler.util.JrtFileSystem$2::visitFile (10 bytes)
C1 CompilerThread0  26656 8104       2       com.sun.org.apache.xerces.internal.dom.AttributeMap::setNamedItem (313 bytes)
C2 CompilerThread1  26656 8080   !   4       org.eclipse.jdt.internal.core.search.indexing.BinaryIndexer::indexDocument (1204 bytes)
C2 CompilerThread2  26656 7953       4       org.eclipse.jdt.internal.compiler.util.JrtFileSystem$2::visitFile (72 bytes)
Total: 4

VM state: at safepoint (normal execution)

VM Mutex/Monitor currently owned by a thread:  ([mutex/lock_event])
[0x00007ffa849ed380] Threads_lock - owner thread: 0x0000022b451e25f0
[0x00007ffa849ed480] Heap_lock - owner thread: 0x0000022b8d463d00

Heap address: 0x00000000c0000000, size: 1024 MB, Compressed Oops mode: 32-bit

CDS archive(s) mapped at: [0x0000022b46000000-0x0000022b46ba0000-0x0000022b46ba0000), size 12189696, SharedBaseAddress: 0x0000022b46000000, ArchiveRelocationMode: 1.
Compressed class space mapped at: 0x0000022b47000000-0x0000022b87000000, reserved size: 1073741824
Narrow klass base: 0x0000022b46000000, Narrow klass shift: 0, Narrow klass range: 0x100000000

GC Precious Log:
 CardTable entry size: 512
 CPUs: 8 total, 8 available
 Memory: 16221M
 Large Page Support: Disabled
 NUMA Support: Disabled
 Compressed Oops: Enabled (32-bit)
 Alignments: Space 512K, Generation 512K, Heap 2M
 Heap Min Capacity: 100M
 Heap Initial Capacity: 100M
 Heap Max Capacity: 1G
 Pre-touch: Disabled
 Parallel Workers: 8

Heap:
 PSYoungGen      total 7168K, used 1478K [0x00000000eab00000, 0x00000000eb380000, 0x0000000100000000)
  eden space 5632K, 0% used [0x00000000eab00000,0x00000000eab00000,0x00000000eb080000)
  from space 1536K, 96% used [0x00000000eb080000,0x00000000eb1f1be8,0x00000000eb200000)
  to   space 1536K, 0% used [0x00000000eb200000,0x00000000eb200000,0x00000000eb380000)
 ParOldGen       total 156672K, used 135414K [0x00000000c0000000, 0x00000000c9900000, 0x00000000eab00000)
  object space 156672K, 86% used [0x00000000c0000000,0x00000000c843da98,0x00000000c9900000)
 Metaspace       used 56020K, committed 57216K, reserved 1114112K
  class space    used 5824K, committed 6336K, reserved 1048576K

Card table byte_map: [0x0000022b42ad0000,0x0000022b42ce0000] _byte_map_base: 0x0000022b424d0000

Marking Bits: (ParMarkBitMap*) 0x00007ffa849f2250
 Begin Bits: [0x0000022b42e40000, 0x0000022b43e40000)
 End Bits:   [0x0000022b43e40000, 0x0000022b44e40000)

Polling page: 0x0000022b2eae0000

Metaspace:

Usage:
  Non-class:     49.02 MB used.
      Class:      5.69 MB used.
       Both:     54.71 MB used.

Virtual space:
  Non-class space:       64.00 MB reserved,      49.69 MB ( 78%) committed,  1 nodes.
      Class space:        1.00 GB reserved,       6.19 MB ( <1%) committed,  1 nodes.
             Both:        1.06 GB reserved,      55.88 MB (  5%) committed. 

Chunk freelists:
   Non-Class:  13.63 MB
       Class:  9.66 MB
        Both:  23.29 MB

MaxMetaspaceSize: unlimited
CompressedClassSpaceSize: 1.00 GB
Initial GC threshold: 21.00 MB
Current GC threshold: 93.12 MB
CDS: on
 - commit_granule_bytes: 65536.
 - commit_granule_words: 8192.
 - virtual_space_node_default_size: 8388608.
 - enlarge_chunks_in_place: 1.
 - use_allocation_guard: 0.


Internal statistics:

num_allocs_failed_limit: 6.
num_arena_births: 884.
num_arena_deaths: 20.
num_vsnodes_births: 2.
num_vsnodes_deaths: 0.
num_space_committed: 894.
num_space_uncommitted: 0.
num_chunks_returned_to_freelist: 27.
num_chunks_taken_from_freelist: 3365.
num_chunk_merges: 12.
num_chunk_splits: 2124.
num_chunks_enlarged: 1303.
num_inconsistent_stats: 0.

CodeHeap 'non-profiled nmethods': size=120000Kb used=4338Kb max_used=4447Kb free=115661Kb
 bounds [0x0000022b3b3c0000, 0x0000022b3b820000, 0x0000022b428f0000]
CodeHeap 'profiled nmethods': size=120000Kb used=15596Kb max_used=16283Kb free=104403Kb
 bounds [0x0000022b338f0000, 0x0000022b348e0000, 0x0000022b3ae20000]
CodeHeap 'non-nmethods': size=5760Kb used=1417Kb max_used=1497Kb free=4342Kb
 bounds [0x0000022b3ae20000, 0x0000022b3b090000, 0x0000022b3b3c0000]
 total_blobs=8058 nmethods=7329 adapters=635
 compilation: enabled
              stopped_count=0, restarted_count=0
 full_count=0

Compilation events (20 events):
Event: 11.932 Thread 0x0000022b4522c470 nmethod 8098 0x0000022b348d4890 code [0x0000022b348d4a20, 0x0000022b348d4b20]
Event: 11.933 Thread 0x0000022b4522c470 8099       2       org.eclipse.core.internal.resources.Resource::getLocalManager (8 bytes)
Event: 11.934 Thread 0x0000022b4522c470 nmethod 8099 0x0000022b348d4c10 code [0x0000022b348d4da0, 0x0000022b348d4eb0]
Event: 11.939 Thread 0x0000022b4522c470 8100       2       org.eclipse.jdt.internal.core.JavaModel::getExternalTarget (85 bytes)
Event: 11.942 Thread 0x0000022b4522c470 nmethod 8100 0x0000022b348d4f90 code [0x0000022b348d5200, 0x0000022b348d57c0]
Event: 11.942 Thread 0x0000022b4522c470 8102       2       org.eclipse.core.internal.localstore.FileSystemResourceManager::getStoreRoot (229 bytes)
Event: 12.943 Thread 0x0000022b4522c470 nmethod 8102 0x0000022b348d5b10 code [0x0000022b348d5e20, 0x0000022b348d6748]
Event: 23.539 Thread 0x0000022b4522c470 8101       1       org.eclipse.core.internal.resources.WorkspaceRoot::getLocation (5 bytes)
Event: 23.540 Thread 0x0000022b4522c470 nmethod 8101 0x0000022b3b4e1a90 code [0x0000022b3b4e1c20, 0x0000022b3b4e1ce8]
Event: 23.540 Thread 0x0000022b4522c470 8103       2       com.sun.org.apache.xerces.internal.impl.XMLEntityScanner::scanName (329 bytes)
Event: 23.541 Thread 0x0000022b4522c470 nmethod 8103 0x0000022b339a2d90 code [0x0000022b339a2fe0, 0x0000022b339a35f8]
Event: 23.541 Thread 0x0000022b4522c470 8108       2       com.sun.org.apache.xerces.internal.dom.DeferredDocumentImpl::getLastChild (7 bytes)
Event: 23.542 Thread 0x0000022b4522c470 nmethod 8108 0x0000022b33a0a890 code [0x0000022b33a0aa40, 0x0000022b33a0ab70]
Event: 23.542 Thread 0x0000022b4522c470 8109       2       com.sun.org.apache.xerces.internal.dom.DeferredDocumentImpl::getLastChild (49 bytes)
Event: 23.542 Thread 0x0000022b4522c470 nmethod 8109 0x0000022b3394d090 code [0x0000022b3394d240, 0x0000022b3394d438]
Event: 23.542 Thread 0x0000022b4522c470 8105       2       com.sun.org.apache.xerces.internal.dom.DeferredDocumentImpl::getNodeExtra (7 bytes)
Event: 23.542 Thread 0x0000022b4522c470 nmethod 8105 0x0000022b33a47090 code [0x0000022b33a47240, 0x0000022b33a47370]
Event: 23.542 Thread 0x0000022b4522c470 8106       2       com.sun.org.apache.xerces.internal.dom.DeferredDocumentImpl::getNodeExtra (49 bytes)
Event: 23.543 Thread 0x0000022b4522c470 nmethod 8106 0x0000022b3397d610 code [0x0000022b3397d7c0, 0x0000022b3397d9b8]
Event: 23.543 Thread 0x0000022b4522c470 8104       2       com.sun.org.apache.xerces.internal.dom.AttributeMap::setNamedItem (313 bytes)

GC Heap History (20 events):
Event: 10.613 GC heap after
{Heap after GC invocations=84 (full 2):
 PSYoungGen      total 6144K, used 1111K [0x00000000eab00000, 0x00000000eb380000, 0x0000000100000000)
  eden space 4608K, 0% used [0x00000000eab00000,0x00000000eab00000,0x00000000eaf80000)
  from space 1536K, 72% used [0x00000000eb200000,0x00000000eb315ea0,0x00000000eb380000)
  to   space 1536K, 0% used [0x00000000eb080000,0x00000000eb080000,0x00000000eb200000)
 ParOldGen       total 148480K, used 148313K [0x00000000c0000000, 0x00000000c9100000, 0x00000000eab00000)
  object space 148480K, 99% used [0x00000000c0000000,0x00000000c90d6778,0x00000000c9100000)
 Metaspace       used 55443K, committed 56640K, reserved 1114112K
  class space    used 5781K, committed 6272K, reserved 1048576K
}
Event: 10.629 GC heap before
{Heap before GC invocations=85 (full 2):
 PSYoungGen      total 6144K, used 5719K [0x00000000eab00000, 0x00000000eb380000, 0x0000000100000000)
  eden space 4608K, 100% used [0x00000000eab00000,0x00000000eaf80000,0x00000000eaf80000)
  from space 1536K, 72% used [0x00000000eb200000,0x00000000eb315ea0,0x00000000eb380000)
  to   space 1536K, 0% used [0x00000000eb080000,0x00000000eb080000,0x00000000eb200000)
 ParOldGen       total 148480K, used 148313K [0x00000000c0000000, 0x00000000c9100000, 0x00000000eab00000)
  object space 148480K, 99% used [0x00000000c0000000,0x00000000c90d6778,0x00000000c9100000)
 Metaspace       used 55632K, committed 56832K, reserved 1114112K
  class space    used 5793K, committed 6272K, reserved 1048576K
}
Event: 10.630 GC heap after
{Heap after GC invocations=85 (full 2):
 PSYoungGen      total 5632K, used 975K [0x00000000eab00000, 0x00000000eb280000, 0x0000000100000000)
  eden space 4608K, 0% used [0x00000000eab00000,0x00000000eab00000,0x00000000eaf80000)
  from space 1024K, 95% used [0x00000000eb080000,0x00000000eb173f98,0x00000000eb180000)
  to   space 1024K, 0% used [0x00000000eb180000,0x00000000eb180000,0x00000000eb280000)
 ParOldGen       total 149504K, used 149317K [0x00000000c0000000, 0x00000000c9200000, 0x00000000eab00000)
  object space 149504K, 99% used [0x00000000c0000000,0x00000000c91d14f0,0x00000000c9200000)
 Metaspace       used 55632K, committed 56832K, reserved 1114112K
  class space    used 5793K, committed 6272K, reserved 1048576K
}
Event: 10.646 GC heap before
{Heap before GC invocations=86 (full 2):
 PSYoungGen      total 5632K, used 5583K [0x00000000eab00000, 0x00000000eb280000, 0x0000000100000000)
  eden space 4608K, 100% used [0x00000000eab00000,0x00000000eaf80000,0x00000000eaf80000)
  from space 1024K, 95% used [0x00000000eb080000,0x00000000eb173f98,0x00000000eb180000)
  to   space 1024K, 0% used [0x00000000eb180000,0x00000000eb180000,0x00000000eb280000)
 ParOldGen       total 149504K, used 149317K [0x00000000c0000000, 0x00000000c9200000, 0x00000000eab00000)
  object space 149504K, 99% used [0x00000000c0000000,0x00000000c91d14f0,0x00000000c9200000)
 Metaspace       used 55795K, committed 57088K, reserved 1114112K
  class space    used 5799K, committed 6336K, reserved 1048576K
}
Event: 10.648 GC heap after
{Heap after GC invocations=86 (full 2):
 PSYoungGen      total 5632K, used 1019K [0x00000000eab00000, 0x00000000eb380000, 0x0000000100000000)
  eden space 4608K, 0% used [0x00000000eab00000,0x00000000eab00000,0x00000000eaf80000)
  from space 1024K, 99% used [0x00000000eb180000,0x00000000eb27eca8,0x00000000eb280000)
  to   space 2048K, 0% used [0x00000000eaf80000,0x00000000eaf80000,0x00000000eb180000)
 ParOldGen       total 150528K, used 150174K [0x00000000c0000000, 0x00000000c9300000, 0x00000000eab00000)
  object space 150528K, 99% used [0x00000000c0000000,0x00000000c92a7888,0x00000000c9300000)
 Metaspace       used 55795K, committed 57088K, reserved 1114112K
  class space    used 5799K, committed 6336K, reserved 1048576K
}
Event: 10.671 GC heap before
{Heap before GC invocations=87 (full 2):
 PSYoungGen      total 5632K, used 5627K [0x00000000eab00000, 0x00000000eb380000, 0x0000000100000000)
  eden space 4608K, 100% used [0x00000000eab00000,0x00000000eaf80000,0x00000000eaf80000)
  from space 1024K, 99% used [0x00000000eb180000,0x00000000eb27eca8,0x00000000eb280000)
  to   space 2048K, 0% used [0x00000000eaf80000,0x00000000eaf80000,0x00000000eb180000)
 ParOldGen       total 150528K, used 150174K [0x00000000c0000000, 0x00000000c9300000, 0x00000000eab00000)
  object space 150528K, 99% used [0x00000000c0000000,0x00000000c92a7888,0x00000000c9300000)
 Metaspace       used 55795K, committed 57088K, reserved 1114112K
  class space    used 5799K, committed 6336K, reserved 1048576K
}
Event: 10.672 GC heap after
{Heap after GC invocations=87 (full 2):
 PSYoungGen      total 6144K, used 1320K [0x00000000eab00000, 0x00000000eb280000, 0x0000000100000000)
  eden space 4608K, 0% used [0x00000000eab00000,0x00000000eab00000,0x00000000eaf80000)
  from space 1536K, 85% used [0x00000000eaf80000,0x00000000eb0ca030,0x00000000eb100000)
  to   space 1536K, 0% used [0x00000000eb100000,0x00000000eb100000,0x00000000eb280000)
 ParOldGen       total 151552K, used 151132K [0x00000000c0000000, 0x00000000c9400000, 0x00000000eab00000)
  object space 151552K, 99% used [0x00000000c0000000,0x00000000c9397290,0x00000000c9400000)
 Metaspace       used 55795K, committed 57088K, reserved 1114112K
  class space    used 5799K, committed 6336K, reserved 1048576K
}
Event: 10.692 GC heap before
{Heap before GC invocations=88 (full 2):
 PSYoungGen      total 6144K, used 5928K [0x00000000eab00000, 0x00000000eb280000, 0x0000000100000000)
  eden space 4608K, 100% used [0x00000000eab00000,0x00000000eaf80000,0x00000000eaf80000)
  from space 1536K, 85% used [0x00000000eaf80000,0x00000000eb0ca030,0x00000000eb100000)
  to   space 1536K, 0% used [0x00000000eb100000,0x00000000eb100000,0x00000000eb280000)
 ParOldGen       total 151552K, used 151132K [0x00000000c0000000, 0x00000000c9400000, 0x00000000eab00000)
  object space 151552K, 99% used [0x00000000c0000000,0x00000000c9397290,0x00000000c9400000)
 Metaspace       used 55801K, committed 57088K, reserved 1114112K
  class space    used 5799K, committed 6336K, reserved 1048576K
}
Event: 10.693 GC heap after
{Heap after GC invocations=88 (full 2):
 PSYoungGen      total 6144K, used 1327K [0x00000000eab00000, 0x00000000eb280000, 0x0000000100000000)
  eden space 4608K, 0% used [0x00000000eab00000,0x00000000eab00000,0x00000000eaf80000)
  from space 1536K, 86% used [0x00000000eb100000,0x00000000eb24bca0,0x00000000eb280000)
  to   space 1536K, 0% used [0x00000000eaf80000,0x00000000eaf80000,0x00000000eb100000)
 ParOldGen       total 152576K, used 152328K [0x00000000c0000000, 0x00000000c9500000, 0x00000000eab00000)
  object space 152576K, 99% used [0x00000000c0000000,0x00000000c94c23e0,0x00000000c9500000)
 Metaspace       used 55801K, committed 57088K, reserved 1114112K
  class space    used 5799K, committed 6336K, reserved 1048576K
}
Event: 10.712 GC heap before
{Heap before GC invocations=89 (full 2):
 PSYoungGen      total 6144K, used 5935K [0x00000000eab00000, 0x00000000eb280000, 0x0000000100000000)
  eden space 4608K, 100% used [0x00000000eab00000,0x00000000eaf80000,0x00000000eaf80000)
  from space 1536K, 86% used [0x00000000eb100000,0x00000000eb24bca0,0x00000000eb280000)
  to   space 1536K, 0% used [0x00000000eaf80000,0x00000000eaf80000,0x00000000eb100000)
 ParOldGen       total 152576K, used 152328K [0x00000000c0000000, 0x00000000c9500000, 0x00000000eab00000)
  object space 152576K, 99% used [0x00000000c0000000,0x00000000c94c23e0,0x00000000c9500000)
 Metaspace       used 55836K, committed 57088K, reserved 1114112K
  class space    used 5799K, committed 6336K, reserved 1048576K
}
Event: 10.714 GC heap after
{Heap after GC invocations=89 (full 2):
 PSYoungGen      total 6144K, used 1367K [0x00000000eab00000, 0x00000000eb280000, 0x0000000100000000)
  eden space 4608K, 0% used [0x00000000eab00000,0x00000000eab00000,0x00000000eaf80000)
  from space 1536K, 89% used [0x00000000eaf80000,0x00000000eb0d5c90,0x00000000eb100000)
  to   space 1536K, 0% used [0x00000000eb100000,0x00000000eb100000,0x00000000eb280000)
 ParOldGen       total 153600K, used 153472K [0x00000000c0000000, 0x00000000c9600000, 0x00000000eab00000)
  object space 153600K, 99% used [0x00000000c0000000,0x00000000c95e0200,0x00000000c9600000)
 Metaspace       used 55836K, committed 57088K, reserved 1114112K
  class space    used 5799K, committed 6336K, reserved 1048576K
}
Event: 10.736 GC heap before
{Heap before GC invocations=90 (full 2):
 PSYoungGen      total 6144K, used 5975K [0x00000000eab00000, 0x00000000eb280000, 0x0000000100000000)
  eden space 4608K, 100% used [0x00000000eab00000,0x00000000eaf80000,0x00000000eaf80000)
  from space 1536K, 89% used [0x00000000eaf80000,0x00000000eb0d5c90,0x00000000eb100000)
  to   space 1536K, 0% used [0x00000000eb100000,0x00000000eb100000,0x00000000eb280000)
 ParOldGen       total 153600K, used 153472K [0x00000000c0000000, 0x00000000c9600000, 0x00000000eab00000)
  object space 153600K, 99% used [0x00000000c0000000,0x00000000c95e0200,0x00000000c9600000)
 Metaspace       used 55911K, committed 57152K, reserved 1114112K
  class space    used 5810K, committed 6336K, reserved 1048576K
}
Event: 10.738 GC heap after
{Heap after GC invocations=90 (full 2):
 PSYoungGen      total 6144K, used 992K [0x00000000eab00000, 0x00000000eb280000, 0x0000000100000000)
  eden space 4608K, 0% used [0x00000000eab00000,0x00000000eab00000,0x00000000eaf80000)
  from space 1536K, 64% used [0x00000000eb100000,0x00000000eb1f8370,0x00000000eb280000)
  to   space 1536K, 0% used [0x00000000eaf80000,0x00000000eaf80000,0x00000000eb100000)
 ParOldGen       total 154624K, used 154599K [0x00000000c0000000, 0x00000000c9700000, 0x00000000eab00000)
  object space 154624K, 99% used [0x00000000c0000000,0x00000000c96f9df8,0x00000000c9700000)
 Metaspace       used 55911K, committed 57152K, reserved 1114112K
  class space    used 5810K, committed 6336K, reserved 1048576K
}
Event: 10.776 GC heap before
{Heap before GC invocations=91 (full 2):
 PSYoungGen      total 6144K, used 5600K [0x00000000eab00000, 0x00000000eb280000, 0x0000000100000000)
  eden space 4608K, 100% used [0x00000000eab00000,0x00000000eaf80000,0x00000000eaf80000)
  from space 1536K, 64% used [0x00000000eb100000,0x00000000eb1f8370,0x00000000eb280000)
  to   space 1536K, 0% used [0x00000000eaf80000,0x00000000eaf80000,0x00000000eb100000)
 ParOldGen       total 154624K, used 154599K [0x00000000c0000000, 0x00000000c9700000, 0x00000000eab00000)
  object space 154624K, 99% used [0x00000000c0000000,0x00000000c96f9df8,0x00000000c9700000)
 Metaspace       used 55952K, committed 57216K, reserved 1114112K
  class space    used 5814K, committed 6336K, reserved 1048576K
}
Event: 11.894 GC heap after
{Heap after GC invocations=91 (full 2):
 PSYoungGen      total 6144K, used 1200K [0x00000000eab00000, 0x00000000eb380000, 0x0000000100000000)
  eden space 4608K, 0% used [0x00000000eab00000,0x00000000eab00000,0x00000000eaf80000)
  from space 1536K, 78% used [0x00000000eaf80000,0x00000000eb0ac1d0,0x00000000eb100000)
  to   space 1536K, 0% used [0x00000000eb200000,0x00000000eb200000,0x00000000eb380000)
 ParOldGen       total 155648K, used 155448K [0x00000000c0000000, 0x00000000c9800000, 0x00000000eab00000)
  object space 155648K, 99% used [0x00000000c0000000,0x00000000c97ce118,0x00000000c9800000)
 Metaspace       used 55952K, committed 57216K, reserved 1114112K
  class space    used 5814K, committed 6336K, reserved 1048576K
}
Event: 12.959 GC heap before
{Heap before GC invocations=92 (full 2):
 PSYoungGen      total 6144K, used 5808K [0x00000000eab00000, 0x00000000eb380000, 0x0000000100000000)
  eden space 4608K, 100% used [0x00000000eab00000,0x00000000eaf80000,0x00000000eaf80000)
  from space 1536K, 78% used [0x00000000eaf80000,0x00000000eb0ac1d0,0x00000000eb100000)
  to   space 1536K, 0% used [0x00000000eb200000,0x00000000eb200000,0x00000000eb380000)
 ParOldGen       total 155648K, used 155448K [0x00000000c0000000, 0x00000000c9800000, 0x00000000eab00000)
  object space 155648K, 99% used [0x00000000c0000000,0x00000000c97ce118,0x00000000c9800000)
 Metaspace       used 56017K, committed 57216K, reserved 1114112K
  class space    used 5824K, committed 6336K, reserved 1048576K
}
Event: 18.560 GC heap after
{Heap after GC invocations=92 (full 2):
 PSYoungGen      total 6144K, used 5808K [0x00000000eab00000, 0x00000000eb380000, 0x0000000100000000)
  eden space 4608K, 100% used [0x00000000eab00000,0x00000000eaf80000,0x00000000eaf80000)
  from space 1536K, 78% used [0x00000000eaf80000,0x00000000eb0ac1d0,0x00000000eb100000)
  to   space 1536K, 80% used [0x00000000eb200000,0x00000000eb336b78,0x00000000eb380000)
 ParOldGen       total 156672K, used 156501K [0x00000000c0000000, 0x00000000c9900000, 0x00000000eab00000)
  object space 156672K, 99% used [0x00000000c0000000,0x00000000c98d56b0,0x00000000c9900000)
 Metaspace       used 56017K, committed 57216K, reserved 1114112K
  class space    used 5824K, committed 6336K, reserved 1048576K
}
Event: 18.561 GC heap before
{Heap before GC invocations=93 (full 3):
 PSYoungGen      total 6144K, used 5808K [0x00000000eab00000, 0x00000000eb380000, 0x0000000100000000)
  eden space 4608K, 100% used [0x00000000eab00000,0x00000000eaf80000,0x00000000eaf80000)
  from space 1536K, 78% used [0x00000000eaf80000,0x00000000eb0ac1d0,0x00000000eb100000)
  to   space 1536K, 80% used [0x00000000eb200000,0x00000000eb336b78,0x00000000eb380000)
 ParOldGen       total 156672K, used 156501K [0x00000000c0000000, 0x00000000c9900000, 0x00000000eab00000)
  object space 156672K, 99% used [0x00000000c0000000,0x00000000c98d56b0,0x00000000c9900000)
 Metaspace       used 56017K, committed 57216K, reserved 1114112K
  class space    used 5824K, committed 6336K, reserved 1048576K
}
Event: 23.539 GC heap after
{Heap after GC invocations=93 (full 3):
 PSYoungGen      total 7168K, used 0K [0x00000000eab00000, 0x00000000eb380000, 0x0000000100000000)
  eden space 5632K, 0% used [0x00000000eab00000,0x00000000eab00000,0x00000000eb080000)
  from space 1536K, 0% used [0x00000000eb200000,0x00000000eb200000,0x00000000eb380000)
  to   space 1536K, 0% used [0x00000000eb080000,0x00000000eb080000,0x00000000eb200000)
 ParOldGen       total 156672K, used 135414K [0x00000000c0000000, 0x00000000c9900000, 0x00000000eab00000)
  object space 156672K, 86% used [0x00000000c0000000,0x00000000c843da98,0x00000000c9900000)
 Metaspace       used 56017K, committed 57216K, reserved 1114112K
  class space    used 5824K, committed 6336K, reserved 1048576K
}
Event: 24.567 GC heap before
{Heap before GC invocations=94 (full 3):
 PSYoungGen      total 7168K, used 5632K [0x00000000eab00000, 0x00000000eb380000, 0x0000000100000000)
  eden space 5632K, 100% used [0x00000000eab00000,0x00000000eb080000,0x00000000eb080000)
  from space 1536K, 0% used [0x00000000eb200000,0x00000000eb200000,0x00000000eb380000)
  to   space 1536K, 0% used [0x00000000eb080000,0x00000000eb080000,0x00000000eb200000)
 ParOldGen       total 156672K, used 135414K [0x00000000c0000000, 0x00000000c9900000, 0x00000000eab00000)
  object space 156672K, 86% used [0x00000000c0000000,0x00000000c843da98,0x00000000c9900000)
 Metaspace       used 56020K, committed 57216K, reserved 1114112K
  class space    used 5824K, committed 6336K, reserved 1048576K
}

Dll operation events (10 events):
Event: 0.015 Loaded shared library c:\Users\senev\.vscode\extensions\redhat.java-1.39.0-win32-x64\jre\21.0.5-win32-x86_64\bin\java.dll
Event: 0.091 Loaded shared library c:\Users\senev\.vscode\extensions\redhat.java-1.39.0-win32-x64\jre\21.0.5-win32-x86_64\bin\zip.dll
Event: 0.122 Loaded shared library C:\Users\senev\.vscode\extensions\redhat.java-1.39.0-win32-x64\jre\21.0.5-win32-x86_64\bin\instrument.dll
Event: 0.128 Loaded shared library C:\Users\senev\.vscode\extensions\redhat.java-1.39.0-win32-x64\jre\21.0.5-win32-x86_64\bin\net.dll
Event: 0.130 Loaded shared library C:\Users\senev\.vscode\extensions\redhat.java-1.39.0-win32-x64\jre\21.0.5-win32-x86_64\bin\nio.dll
Event: 0.134 Loaded shared library C:\Users\senev\.vscode\extensions\redhat.java-1.39.0-win32-x64\jre\21.0.5-win32-x86_64\bin\zip.dll
Event: 0.151 Loaded shared library C:\Users\senev\.vscode\extensions\redhat.java-1.39.0-win32-x64\jre\21.0.5-win32-x86_64\bin\jimage.dll
Event: 0.234 Loaded shared library c:\Users\senev\.vscode\extensions\redhat.java-1.39.0-win32-x64\jre\21.0.5-win32-x86_64\bin\verify.dll
Event: 1.561 Loaded shared library C:\Users\senev\AppData\Roaming\Code\User\globalStorage\redhat.java\1.39.0\config_win\org.eclipse.equinox.launcher\org.eclipse.equinox.launcher.win32.win32.x86_64_1.2.1100.v20240722-2106\eclipse_11904.dll
Event: 3.579 Loaded shared library C:\Users\senev\AppData\Local\Temp\jna-109322765\jna5408372740355826000.dll

Deoptimization events (20 events):
Event: 10.183 Thread 0x0000022b8d464390 DEOPT PACKING pc=0x0000022b347f94ad sp=0x00000042164fe8e0
Event: 10.183 Thread 0x0000022b8d464390 DEOPT UNPACKING pc=0x0000022b3ae74242 sp=0x00000042164fde60 mode 0
Event: 10.599 Thread 0x0000022b8d464390 Uncommon trap: trap_request=0xffffff45 fr.pc=0x0000022b3b49366c relative=0x000000000000068c
Event: 10.599 Thread 0x0000022b8d464390 Uncommon trap: reason=unstable_if action=reinterpret pc=0x0000022b3b49366c method=java.lang.String.newStringUTF8NoRepl([BIIZ)Ljava/lang/String; @ 41 c2
Event: 10.599 Thread 0x0000022b8d464390 DEOPT PACKING pc=0x0000022b3b49366c sp=0x00000042164fe910
Event: 10.599 Thread 0x0000022b8d464390 DEOPT UNPACKING pc=0x0000022b3ae73aa2 sp=0x00000042164fe8c8 mode 2
Event: 10.705 Thread 0x0000022b8d464390 DEOPT PACKING pc=0x0000022b344f1926 sp=0x00000042164fdbc0
Event: 10.705 Thread 0x0000022b8d464390 DEOPT UNPACKING pc=0x0000022b3ae74242 sp=0x00000042164fd0b0 mode 0
Event: 10.706 Thread 0x0000022b8d464390 DEOPT PACKING pc=0x0000022b344f1926 sp=0x00000042164fdbc0
Event: 10.706 Thread 0x0000022b8d464390 DEOPT UNPACKING pc=0x0000022b3ae74242 sp=0x00000042164fd0b0 mode 0
Event: 10.706 Thread 0x0000022b8d464390 DEOPT PACKING pc=0x0000022b344f1926 sp=0x00000042164fdbc0
Event: 10.706 Thread 0x0000022b8d464390 DEOPT UNPACKING pc=0x0000022b3ae74242 sp=0x00000042164fd0b0 mode 0
Event: 10.706 Thread 0x0000022b8d464390 DEOPT PACKING pc=0x0000022b344f1926 sp=0x00000042164fdbc0
Event: 10.706 Thread 0x0000022b8d464390 DEOPT UNPACKING pc=0x0000022b3ae74242 sp=0x00000042164fd0b0 mode 0
Event: 10.712 Thread 0x0000022b8d464390 DEOPT PACKING pc=0x0000022b33a166d5 sp=0x00000042164fc0b0
Event: 10.712 Thread 0x0000022b8d464390 DEOPT UNPACKING pc=0x0000022b3ae74242 sp=0x00000042164fb5b8 mode 0
Event: 10.744 Thread 0x0000022b8d463d00 Uncommon trap: trap_request=0xfffffff4 fr.pc=0x0000022b3b804ad8 relative=0x0000000000007118
Event: 10.744 Thread 0x0000022b8d463d00 Uncommon trap: reason=null_check action=make_not_entrant pc=0x0000022b3b804ad8 method=org.eclipse.jdt.internal.core.search.indexing.BinaryIndexer.indexDocument()V @ 568 c2
Event: 10.744 Thread 0x0000022b8d463d00 DEOPT PACKING pc=0x0000022b3b804ad8 sp=0x0000004215efed30
Event: 10.744 Thread 0x0000022b8d463d00 DEOPT UNPACKING pc=0x0000022b3ae73aa2 sp=0x0000004215efec90 mode 2

Classes loaded (20 events):
Event: 10.011 Loading class java/util/concurrent/CompletionException
Event: 10.011 Loading class java/util/concurrent/CompletionException done
Event: 10.014 Loading class java/nio/file/FileTreeWalker$1
Event: 10.014 Loading class java/nio/file/FileTreeWalker$1 done
Event: 10.015 Loading class sun/nio/fs/Globs
Event: 10.015 Loading class sun/nio/fs/Globs done
Event: 10.015 Loading class java/util/regex/Pattern$SliceU
Event: 10.016 Loading class java/util/regex/Pattern$SliceU done
Event: 10.016 Loading class sun/nio/fs/WindowsFileSystem$2
Event: 10.016 Loading class java/nio/file/PathMatcher
Event: 10.016 Loading class java/nio/file/PathMatcher done
Event: 10.016 Loading class sun/nio/fs/WindowsFileSystem$2 done
Event: 10.638 Loading class java/lang/UnsupportedClassVersionError
Event: 10.638 Loading class java/lang/UnsupportedClassVersionError done
Event: 11.916 Loading class java/util/stream/DistinctOps
Event: 11.916 Loading class java/util/stream/DistinctOps done
Event: 11.916 Loading class java/util/stream/DistinctOps$1
Event: 11.917 Loading class java/util/stream/DistinctOps$1 done
Event: 11.921 Loading class java/util/stream/DistinctOps$1$2
Event: 11.921 Loading class java/util/stream/DistinctOps$1$2 done

Classes unloaded (10 events):
Event: 4.309 Thread 0x0000022b451e25f0 Unloading class 0x0000022b4719cc00 'java/lang/invoke/LambdaForm$MH+0x0000022b4719cc00'
Event: 4.309 Thread 0x0000022b451e25f0 Unloading class 0x0000022b4719c800 'java/lang/invoke/LambdaForm$MH+0x0000022b4719c800'
Event: 4.309 Thread 0x0000022b451e25f0 Unloading class 0x0000022b4719c400 'java/lang/invoke/LambdaForm$MH+0x0000022b4719c400'
Event: 4.309 Thread 0x0000022b451e25f0 Unloading class 0x0000022b4719c000 'java/lang/invoke/LambdaForm$MH+0x0000022b4719c000'
Event: 4.309 Thread 0x0000022b451e25f0 Unloading class 0x0000022b4719bc00 'java/lang/invoke/LambdaForm$BMH+0x0000022b4719bc00'
Event: 4.309 Thread 0x0000022b451e25f0 Unloading class 0x0000022b4719b800 'java/lang/invoke/LambdaForm$DMH+0x0000022b4719b800'
Event: 4.309 Thread 0x0000022b451e25f0 Unloading class 0x0000022b4719a400 'java/lang/invoke/LambdaForm$DMH+0x0000022b4719a400'
Event: 5.771 Thread 0x0000022b451e25f0 Unloading class 0x0000022b4731b000 'java/lang/invoke/LambdaForm$MH+0x0000022b4731b000'
Event: 5.771 Thread 0x0000022b451e25f0 Unloading class 0x0000022b4731a800 'java/lang/invoke/LambdaForm$MH+0x0000022b4731a800'
Event: 5.771 Thread 0x0000022b451e25f0 Unloading class 0x0000022b47319000 'java/lang/invoke/LambdaForm$MH+0x0000022b47319000'

Classes redefined (0 events):
No events

Internal exceptions (20 events):
Event: 10.339 Thread 0x0000022b8d464390 Exception <a 'sun/nio/fs/WindowsException'{0x00000000eb11aee0}> (0x00000000eb11aee0) 
thrown [s\src\hotspot\share\prims\jni.cpp, line 520]
Event: 10.340 Thread 0x0000022b8d464390 Exception <a 'sun/nio/fs/WindowsException'{0x00000000eb142198}> (0x00000000eb142198) 
thrown [s\src\hotspot\share\prims\jni.cpp, line 520]
Event: 10.341 Thread 0x0000022b8d464390 Exception <a 'sun/nio/fs/WindowsException'{0x00000000eb1894a8}> (0x00000000eb1894a8) 
thrown [s\src\hotspot\share\prims\jni.cpp, line 520]
Event: 10.341 Thread 0x0000022b8d464390 Exception <a 'sun/nio/fs/WindowsException'{0x00000000eb18c240}> (0x00000000eb18c240) 
thrown [s\src\hotspot\share\prims\jni.cpp, line 520]
Event: 10.342 Thread 0x0000022b8d464390 Exception <a 'sun/nio/fs/WindowsException'{0x00000000eb1d3070}> (0x00000000eb1d3070) 
thrown [s\src\hotspot\share\prims\jni.cpp, line 520]
Event: 10.342 Thread 0x0000022b8d464390 Exception <a 'sun/nio/fs/WindowsException'{0x00000000eb21a098}> (0x00000000eb21a098) 
thrown [s\src\hotspot\share\prims\jni.cpp, line 520]
Event: 10.343 Thread 0x0000022b8d464390 Exception <a 'sun/nio/fs/WindowsException'{0x00000000eb23f568}> (0x00000000eb23f568) 
thrown [s\src\hotspot\share\prims\jni.cpp, line 520]
Event: 10.344 Thread 0x0000022b8d464390 Exception <a 'sun/nio/fs/WindowsException'{0x00000000eb242558}> (0x00000000eb242558) 
thrown [s\src\hotspot\share\prims\jni.cpp, line 520]
Event: 10.347 Thread 0x0000022b8d464390 Exception <a 'sun/nio/fs/WindowsException'{0x00000000eab02c18}> (0x00000000eab02c18) 
thrown [s\src\hotspot\share\prims\jni.cpp, line 520]
Event: 10.348 Thread 0x0000022b8d464390 Exception <a 'sun/nio/fs/WindowsException'{0x00000000eab28600}> (0x00000000eab28600) 
thrown [s\src\hotspot\share\prims\jni.cpp, line 520]
Event: 10.348 Thread 0x0000022b8d464390 Exception <a 'sun/nio/fs/WindowsException'{0x00000000eab72f08}> (0x00000000eab72f08) 
thrown [s\src\hotspot\share\prims\jni.cpp, line 520]
Event: 10.349 Thread 0x0000022b8d464390 Exception <a 'sun/nio/fs/WindowsException'{0x00000000eab77aa0}> (0x00000000eab77aa0) 
thrown [s\src\hotspot\share\prims\jni.cpp, line 520]
Event: 10.349 Thread 0x0000022b8d464390 Exception <a 'sun/nio/fs/WindowsException'{0x00000000eab9ce40}> (0x00000000eab9ce40) 
thrown [s\src\hotspot\share\prims\jni.cpp, line 520]
Event: 10.350 Thread 0x0000022b8d464390 Exception <a 'sun/nio/fs/WindowsException'{0x00000000eabc23f0}> (0x00000000eabc23f0) 
thrown [s\src\hotspot\share\prims\jni.cpp, line 520]
Event: 10.350 Thread 0x0000022b8d464390 Exception <a 'sun/nio/fs/WindowsException'{0x00000000eabc5438}> (0x00000000eabc5438) 
thrown [s\src\hotspot\share\prims\jni.cpp, line 520]
Event: 10.351 Thread 0x0000022b8d464390 Exception <a 'sun/nio/fs/WindowsException'{0x00000000eabea720}> (0x00000000eabea720) 
thrown [s\src\hotspot\share\prims\jni.cpp, line 520]
Event: 10.351 Thread 0x0000022b8d464390 Exception <a 'sun/nio/fs/WindowsException'{0x00000000eac32140}> (0x00000000eac32140) 
thrown [s\src\hotspot\share\prims\jni.cpp, line 520]
Event: 10.352 Thread 0x0000022b8d464390 Exception <a 'sun/nio/fs/WindowsException'{0x00000000eac574e8}> (0x00000000eac574e8) 
thrown [s\src\hotspot\share\prims\jni.cpp, line 520]
Event: 10.673 Thread 0x0000022b8d464390 Exception <a 'java/lang/NoSuchMethodError'{0x00000000eab4ac18}: 'int java.lang.invoke.Invokers$Holder.invokeExact_MT(java.lang.Object, java.lang.Object)'> (0x00000000eab4ac18) 
thrown [s\src\hotspot\share\interpreter\linkResolver.cpp, line 773]
Event: 10.744 Thread 0x0000022b8d463d00 Implicit null exception at 0x0000022b3b800cac to 0x0000022b3b804aa8

ZGC Phase Switch (0 events):
No events

VM Operations (20 events):
Event: 10.645 Executing VM operation: HandshakeAllThreads (Deoptimize) done
Event: 10.646 Executing VM operation: ParallelGCFailedAllocation (Allocation Failure)
Event: 10.648 Executing VM operation: ParallelGCFailedAllocation (Allocation Failure) done
Event: 10.670 Executing VM operation: ParallelGCFailedAllocation (Allocation Failure)
Event: 10.672 Executing VM operation: ParallelGCFailedAllocation (Allocation Failure) done
Event: 10.692 Executing VM operation: ParallelGCFailedAllocation (Allocation Failure)
Event: 10.693 Executing VM operation: ParallelGCFailedAllocation (Allocation Failure) done
Event: 10.709 Executing VM operation: HandshakeAllThreads (Deoptimize)
Event: 10.709 Executing VM operation: HandshakeAllThreads (Deoptimize) done
Event: 10.712 Executing VM operation: ParallelGCFailedAllocation (Allocation Failure)
Event: 10.714 Executing VM operation: ParallelGCFailedAllocation (Allocation Failure) done
Event: 10.736 Executing VM operation: ParallelGCFailedAllocation (Allocation Failure)
Event: 10.738 Executing VM operation: ParallelGCFailedAllocation (Allocation Failure) done
Event: 10.776 Executing VM operation: ParallelGCFailedAllocation (Allocation Failure)
Event: 11.894 Executing VM operation: ParallelGCFailedAllocation (Allocation Failure) done
Event: 11.920 Executing VM operation: HandshakeAllThreads (Deoptimize)
Event: 11.920 Executing VM operation: HandshakeAllThreads (Deoptimize) done
Event: 11.962 Executing VM operation: ParallelGCFailedAllocation (Allocation Failure)
Event: 23.539 Executing VM operation: ParallelGCFailedAllocation (Allocation Failure) done
Event: 23.570 Executing VM operation: ParallelGCFailedAllocation (Allocation Failure)

Memory protections (0 events):
No events

Nmethod flushes (20 events):
Event: 18.678 Thread 0x0000022b451e25f0 flushing  nmethod 0x0000022b34113590
Event: 18.678 Thread 0x0000022b451e25f0 flushing  nmethod 0x0000022b34114e90
Event: 18.678 Thread 0x0000022b451e25f0 flushing  nmethod 0x0000022b34115490
Event: 18.678 Thread 0x0000022b451e25f0 flushing  nmethod 0x0000022b34115d10
Event: 18.678 Thread 0x0000022b451e25f0 flushing  nmethod 0x0000022b34116a10
Event: 18.678 Thread 0x0000022b451e25f0 flushing  nmethod 0x0000022b34118990
Event: 18.678 Thread 0x0000022b451e25f0 flushing  nmethod 0x0000022b3411cc10
Event: 18.678 Thread 0x0000022b451e25f0 flushing  nmethod 0x0000022b34124810
Event: 18.678 Thread 0x0000022b451e25f0 flushing  nmethod 0x0000022b34129610
Event: 18.678 Thread 0x0000022b451e25f0 flushing  nmethod 0x0000022b34159210
Event: 18.678 Thread 0x0000022b451e25f0 flushing  nmethod 0x0000022b34159810
Event: 18.678 Thread 0x0000022b451e25f0 flushing  nmethod 0x0000022b34161e90
Event: 18.678 Thread 0x0000022b451e25f0 flushing  nmethod 0x0000022b34173290
Event: 18.678 Thread 0x0000022b451e25f0 flushing  nmethod 0x0000022b3419ea10
Event: 18.678 Thread 0x0000022b451e25f0 flushing  nmethod 0x0000022b341a0510
Event: 18.678 Thread 0x0000022b451e25f0 flushing  nmethod 0x0000022b341a1e10
Event: 18.678 Thread 0x0000022b451e25f0 flushing  nmethod 0x0000022b341a6f10
Event: 18.678 Thread 0x0000022b451e25f0 flushing  nmethod 0x0000022b341ac190
Event: 18.678 Thread 0x0000022b451e25f0 flushing  nmethod 0x0000022b341afe10
Event: 18.678 Thread 0x0000022b451e25f0 flushing  nmethod 0x0000022b341c6190

Events (20 events):
Event: 5.511 Thread 0x0000022b3057b080 Thread added: 0x0000022b8d883f80
Event: 5.511 Thread 0x0000022b3057b080 Thread added: 0x0000022b8d880b00
Event: 5.511 Thread 0x0000022b3057b080 Thread added: 0x0000022b8d882540
Event: 5.540 Thread 0x0000022b3057b080 Thread added: 0x0000022b8d884610
Event: 5.842 Thread 0x0000022b3057b080 Thread added: 0x0000022b8d881820
Event: 5.842 Thread 0x0000022b3057b080 Thread added: 0x0000022b8d885330
Event: 8.179 Thread 0x0000022b8d462950 Thread added: 0x0000022b8d886d70
Event: 8.179 Thread 0x0000022b8d462950 Thread added: 0x0000022b8d887a90
Event: 8.179 Thread 0x0000022b8d462950 Thread added: 0x0000022b8d8859c0
Event: 8.179 Thread 0x0000022b8d886d70 Thread added: 0x0000022b8d884ca0
Event: 8.179 Thread 0x0000022b8d8859c0 Thread added: 0x0000022b8d886050
Event: 8.179 Thread 0x0000022b8d884ca0 Thread added: 0x0000022b8d8866e0
Event: 9.196 Thread 0x0000022b8d462950 Thread added: 0x0000022b91637a20
Event: 9.256 Thread 0x0000022b8d013a00 Thread exited: 0x0000022b8d013a00
Event: 9.693 Thread 0x0000022b8d462950 Thread added: 0x0000022b91636670
Event: 9.795 Thread 0x0000022b8d462950 Thread added: 0x0000022b91636d00
Event: 9.821 Thread 0x0000022b8d462950 Thread added: 0x0000022b916352c0
Event: 9.882 Thread 0x0000022b8d462950 Thread added: 0x0000022b91635950
Event: 9.892 Thread 0x0000022b8d462950 Thread added: 0x0000022b91637390
Event: 9.902 Thread 0x0000022b8d462950 Thread added: 0x0000022b91634c30


Dynamic libraries:
0x00007ff7f5290000 - 0x00007ff7f529e000 	c:\Users\senev\.vscode\extensions\redhat.java-1.39.0-win32-x64\jre\21.0.5-win32-x86_64\bin\java.exe
0x00007ffb2e640000 - 0x00007ffb2e8a3000 	C:\Windows\SYSTEM32\ntdll.dll
0x00007ffb2d410000 - 0x00007ffb2d4d7000 	C:\Windows\System32\KERNEL32.DLL
0x00007ffb2bea0000 - 0x00007ffb2c267000 	C:\Windows\System32\KERNELBASE.dll
0x00007ffb2b9e0000 - 0x00007ffb2bb2c000 	C:\Windows\System32\ucrtbase.dll
0x00007ffae2750000 - 0x00007ffae276e000 	c:\Users\senev\.vscode\extensions\redhat.java-1.39.0-win32-x64\jre\21.0.5-win32-x86_64\bin\VCRUNTIME140.dll
0x00007ffae2bc0000 - 0x00007ffae2bd8000 	c:\Users\senev\.vscode\extensions\redhat.java-1.39.0-win32-x64\jre\21.0.5-win32-x86_64\bin\jli.dll
0x00007ffb2c690000 - 0x00007ffb2c859000 	C:\Windows\System32\USER32.dll
0x00007ffb2c270000 - 0x00007ffb2c297000 	C:\Windows\System32\win32u.dll
0x00007ffb13800000 - 0x00007ffb13a90000 	C:\Windows\WinSxS\amd64_microsoft.windows.common-controls_6595b64144ccf1df_6.0.26100.3037_none_3e09262ce333c378\COMCTL32.dll
0x00007ffb2d180000 - 0x00007ffb2d1aa000 	C:\Windows\System32\GDI32.dll
0x00007ffb2c870000 - 0x00007ffb2c919000 	C:\Windows\System32\msvcrt.dll
0x00007ffb2c2a0000 - 0x00007ffb2c3cb000 	C:\Windows\System32\gdi32full.dll
0x00007ffb2c3d0000 - 0x00007ffb2c473000 	C:\Windows\System32\msvcp_win.dll
0x00007ffb2dd80000 - 0x00007ffb2ddaf000 	C:\Windows\System32\IMM32.DLL
0x00007ffb21390000 - 0x00007ffb2139c000 	c:\Users\senev\.vscode\extensions\redhat.java-1.39.0-win32-x64\jre\21.0.5-win32-x86_64\bin\vcruntime140_1.dll
0x00007ffa989a0000 - 0x00007ffa98a2d000 	c:\Users\senev\.vscode\extensions\redhat.java-1.39.0-win32-x64\jre\21.0.5-win32-x86_64\bin\msvcp140.dll
0x00007ffa83d40000 - 0x00007ffa84acf000 	c:\Users\senev\.vscode\extensions\redhat.java-1.39.0-win32-x64\jre\21.0.5-win32-x86_64\bin\server\jvm.dll
0x00007ffb2c930000 - 0x00007ffb2c9e4000 	C:\Windows\System32\ADVAPI32.dll
0x00007ffb2dba0000 - 0x00007ffb2dc46000 	C:\Windows\System32\sechost.dll
0x00007ffb2c490000 - 0x00007ffb2c5a6000 	C:\Windows\System32\RPCRT4.dll
0x00007ffb2d100000 - 0x00007ffb2d174000 	C:\Windows\System32\WS2_32.dll
0x00007ffb2a640000 - 0x00007ffb2a68e000 	C:\Windows\SYSTEM32\POWRPROF.dll
0x00007ffb20870000 - 0x00007ffb208a6000 	C:\Windows\SYSTEM32\WINMM.dll
0x00007ffb295c0000 - 0x00007ffb295cb000 	C:\Windows\SYSTEM32\VERSION.dll
0x00007ffb2a620000 - 0x00007ffb2a634000 	C:\Windows\SYSTEM32\UMPDC.dll
0x00007ffb2a8f0000 - 0x00007ffb2a90a000 	C:\Windows\SYSTEM32\kernel.appcore.dll
0x00007ffb20ed0000 - 0x00007ffb20eda000 	c:\Users\senev\.vscode\extensions\redhat.java-1.39.0-win32-x64\jre\21.0.5-win32-x86_64\bin\jimage.dll
0x00007ffb27ca0000 - 0x00007ffb27ee1000 	C:\Windows\SYSTEM32\DBGHELP.DLL
0x00007ffb2d510000 - 0x00007ffb2d88e000 	C:\Windows\System32\combase.dll
0x00007ffb2c5b0000 - 0x00007ffb2c686000 	C:\Windows\System32\OLEAUT32.dll
0x00007ffb10590000 - 0x00007ffb105c9000 	C:\Windows\SYSTEM32\dbgcore.DLL
0x00007ffb2be00000 - 0x00007ffb2be99000 	C:\Windows\System32\bcryptPrimitives.dll
0x00007ffb20cd0000 - 0x00007ffb20cdf000 	c:\Users\senev\.vscode\extensions\redhat.java-1.39.0-win32-x64\jre\21.0.5-win32-x86_64\bin\instrument.dll
0x00007ffade020000 - 0x00007ffade03f000 	c:\Users\senev\.vscode\extensions\redhat.java-1.39.0-win32-x64\jre\21.0.5-win32-x86_64\bin\java.dll
0x00007ffb2c9f0000 - 0x00007ffb2d0f4000 	C:\Windows\System32\SHELL32.dll
0x00007ffb296c0000 - 0x00007ffb29ef7000 	C:\Windows\SYSTEM32\windows.storage.dll
0x00007ffb2d930000 - 0x00007ffb2da19000 	C:\Windows\System32\SHCORE.dll
0x00007ffb2da40000 - 0x00007ffb2da9d000 	C:\Windows\System32\shlwapi.dll
0x00007ffb2b8f0000 - 0x00007ffb2b91e000 	C:\Windows\SYSTEM32\profapi.dll
0x00007ffafdc40000 - 0x00007ffafdc58000 	c:\Users\senev\.vscode\extensions\redhat.java-1.39.0-win32-x64\jre\21.0.5-win32-x86_64\bin\zip.dll
0x00007ffb295f0000 - 0x00007ffb29600000 	C:\Users\senev\.vscode\extensions\redhat.java-1.39.0-win32-x64\jre\21.0.5-win32-x86_64\bin\net.dll
0x00007ffb23250000 - 0x00007ffb2336e000 	C:\Windows\SYSTEM32\WINHTTP.dll
0x00007ffb2ae10000 - 0x00007ffb2ae7a000 	C:\Windows\system32\mswsock.dll
0x00007ffaefdc0000 - 0x00007ffaefdd6000 	C:\Users\senev\.vscode\extensions\redhat.java-1.39.0-win32-x64\jre\21.0.5-win32-x86_64\bin\nio.dll
0x00007ffb0b310000 - 0x00007ffb0b320000 	c:\Users\senev\.vscode\extensions\redhat.java-1.39.0-win32-x64\jre\21.0.5-win32-x86_64\bin\verify.dll
0x00007ffad7620000 - 0x00007ffad7665000 	C:\Users\senev\AppData\Roaming\Code\User\globalStorage\redhat.java\1.39.0\config_win\org.eclipse.equinox.launcher\org.eclipse.equinox.launcher.win32.win32.x86_64_1.2.1100.v20240722-2106\eclipse_11904.dll
0x00007ffb2d270000 - 0x00007ffb2d405000 	C:\Windows\System32\ole32.dll
0x00007ffb2b0d0000 - 0x00007ffb2b0ec000 	C:\Windows\SYSTEM32\CRYPTSP.dll
0x00007ffb2a850000 - 0x00007ffb2a888000 	C:\Windows\system32\rsaenh.dll
0x00007ffb2aed0000 - 0x00007ffb2aefb000 	C:\Windows\SYSTEM32\USERENV.dll
0x00007ffb2b310000 - 0x00007ffb2b336000 	C:\Windows\SYSTEM32\bcrypt.dll
0x00007ffb2b0f0000 - 0x00007ffb2b0fc000 	C:\Windows\SYSTEM32\CRYPTBASE.dll
0x00007ffb2a280000 - 0x00007ffb2a2b2000 	C:\Windows\SYSTEM32\IPHLPAPI.DLL
0x00007ffb2d210000 - 0x00007ffb2d21a000 	C:\Windows\System32\NSI.dll
0x00007ffad75d0000 - 0x00007ffad7619000 	C:\Users\senev\AppData\Local\Temp\jna-109322765\jna5408372740355826000.dll
0x00007ffb2c920000 - 0x00007ffb2c928000 	C:\Windows\System32\PSAPI.DLL
0x00007ffb23520000 - 0x00007ffb2353f000 	C:\Windows\SYSTEM32\dhcpcsvc6.DLL
0x00007ffb22ee0000 - 0x00007ffb22f05000 	C:\Windows\SYSTEM32\dhcpcsvc.DLL

dbghelp: loaded successfully - version: 4.0.5 - missing functions: none
symbol engine: initialized successfully - sym options: 0x614 - pdb path: .;c:\Users\senev\.vscode\extensions\redhat.java-1.39.0-win32-x64\jre\21.0.5-win32-x86_64\bin;C:\Windows\SYSTEM32;C:\Windows\WinSxS\amd64_microsoft.windows.common-controls_6595b64144ccf1df_6.0.26100.3037_none_3e09262ce333c378;c:\Users\senev\.vscode\extensions\redhat.java-1.39.0-win32-x64\jre\21.0.5-win32-x86_64\bin\server;C:\Users\senev\AppData\Roaming\Code\User\globalStorage\redhat.java\1.39.0\config_win\org.eclipse.equinox.launcher\org.eclipse.equinox.launcher.win32.win32.x86_64_1.2.1100.v20240722-2106;C:\Users\senev\AppData\Local\Temp\jna-109322765

VM Arguments:
jvm_args: --add-modules=ALL-SYSTEM --add-opens=java.base/java.util=ALL-UNNAMED --add-opens=java.base/java.lang=ALL-UNNAMED --add-opens=java.base/sun.nio.fs=ALL-UNNAMED -Declipse.application=org.eclipse.jdt.ls.core.id1 -Dosgi.bundles.defaultStartLevel=4 -Declipse.product=org.eclipse.jdt.ls.core.product -Djava.import.generatesMetadataFilesAtProjectRoot=false -DDetectVMInstallationsJob.disabled=true -Dfile.encoding=utf8 -XX:+UseParallelGC -XX:GCTimeRatio=4 -XX:AdaptiveSizePolicyWeight=90 -Dsun.zip.disableMemoryMapping=true -Xmx1G -Xms100m -Xlog:disable -javaagent:c:\Users\senev\.vscode\extensions\redhat.java-1.39.0-win32-x64\lombok\lombok-1.18.34.jar -XX:+HeapDumpOnOutOfMemoryError -XX:HeapDumpPath=c:\Users\senev\AppData\Roaming\Code\User\workspaceStorage\401a6852cf098d5be657f8f24ffe7468\redhat.java -Daether.dependencyCollector.impl=bf 
java_command: c:\Users\senev\.vscode\extensions\redhat.java-1.39.0-win32-x64\server\plugins\org.eclipse.equinox.launcher_1.6.900.v20240613-2009.jar -configuration c:\Users\senev\AppData\Roaming\Code\User\globalStorage\redhat.java\1.39.0\config_win -data c:\Users\senev\AppData\Roaming\Code\User\workspaceStorage\401a6852cf098d5be657f8f24ffe7468\redhat.java\jdt_ws --pipe=\\.\pipe\lsp-92f2a707b9edee5c5dda5a0e385e4824-sock
java_class_path (initial): c:\Users\senev\.vscode\extensions\redhat.java-1.39.0-win32-x64\server\plugins\org.eclipse.equinox.launcher_1.6.900.v20240613-2009.jar
Launcher Type: SUN_STANDARD

[Global flags]
    uintx AdaptiveSizePolicyWeight                 = 90                                        {product} {command line}
     intx CICompilerCount                          = 4                                         {product} {ergonomic}
    uintx GCTimeRatio                              = 4                                         {product} {command line}
     bool HeapDumpOnOutOfMemoryError               = true                                   {manageable} {command line}
    ccstr HeapDumpPath                             = c:\Users\senev\AppData\Roaming\Code\User\workspaceStorage\401a6852cf098d5be657f8f24ffe7468\redhat.java         {manageable} {command line}
   size_t InitialHeapSize                          = 104857600                                 {product} {command line}
   size_t MaxHeapSize                              = 1073741824                                {product} {command line}
   size_t MaxNewSize                               = 357564416                                 {product} {ergonomic}
   size_t MinHeapDeltaBytes                        = 524288                                    {product} {ergonomic}
   size_t MinHeapSize                              = 104857600                                 {product} {command line}
   size_t NewSize                                  = 34603008                                  {product} {ergonomic}
    uintx NonNMethodCodeHeapSize                   = 5839372                                {pd product} {ergonomic}
    uintx NonProfiledCodeHeapSize                  = 122909434                              {pd product} {ergonomic}
   size_t OldSize                                  = 70254592                                  {product} {ergonomic}
    uintx ProfiledCodeHeapSize                     = 122909434                              {pd product} {ergonomic}
    uintx ReservedCodeCacheSize                    = 251658240                              {pd product} {ergonomic}
     bool SegmentedCodeCache                       = true                                      {product} {ergonomic}
   size_t SoftMaxHeapSize                          = 1073741824                             {manageable} {ergonomic}
     bool UseCompressedOops                        = true                           {product lp64_product} {ergonomic}
     bool UseLargePagesIndividualAllocation        = false                                  {pd product} {ergonomic}
     bool UseParallelGC                            = true                                      {product} {command line}

Logging:
Log output configuration:
 #0: stdout all=off uptime,level,tags foldmultilines=false
 #1: stderr all=off uptime,level,tags foldmultilines=false

Environment Variables:
PATH=C:\Python313\Scripts\;C:\Python313\;C:\Program Files\Common Files\Oracle\Java\javapath;C:\Windows\system32;C:\Windows;C:\Windows\System32\Wbem;C:\Windows\System32\WindowsPowerShell\v1.0\;C:\Windows\System32\OpenSSH\;C:\Program Files (x86)\NVIDIA Corporation\PhysX\Common;C:\Program Files\NVIDIA Corporation\NVIDIA NvDLISR;C:\Windows\system32;C:\Windows;C:\Windows\System32\Wbem;C:\Windows\System32\WindowsPowerShell\v1.0\;C:\Windows\System32\OpenSSH\;C:\Program Files\dotnet\;C:\Program Files\Git\cmd;C:\Program Files\nodejs\;C:\ProgramData\chocolatey\bin;C:\Program Files\MySQL\MySQL Shell 8.0\bin\;C:\Users\senev\AppData\Local\Microsoft\WindowsApps;C:\Users\senev\AppData\Local\Programs\Microsoft VS Code\bin;C:\Program Files\JetBrains\IntelliJ IDEA 2024.3.1.1\bin;;C:\Users\senev\AppData\Roaming\npm
USERNAME=senev
OS=Windows_NT
PROCESSOR_IDENTIFIER=Intel64 Family 6 Model 165 Stepping 2, GenuineIntel
TMP=C:\Users\senev\AppData\Local\Temp
TEMP=C:\Users\senev\AppData\Local\Temp




Periodic native trim disabled

---------------  S Y S T E M  ---------------

OS:
 Windows 11 , 64 bit Build 26100 (10.0.26100.3037)
OS uptime: 2 days 5:55 hours
Hyper-V role detected

CPU: total 8 (initial active 8) (4 cores per cpu, 2 threads per core) family 6 model 165 stepping 2 microcode 0xe0, cx8, cmov, fxsr, ht, mmx, 3dnowpref, sse, sse2, sse3, ssse3, sse4.1, sse4.2, popcnt, lzcnt, tsc, tscinvbit, avx, avx2, aes, erms, clmul, bmi1, bmi2, adx, fma, vzeroupper, clflush, clflushopt, hv, rdtscp, f16c
Processor Information for all 8 processors :
  Max Mhz: 2496, Current Mhz: 2496, Mhz Limit: 2496

Memory: 4k page, system-wide physical 16221M (744M free)
TotalPageFile size 49588M (AvailPageFile size 3M)
current process WorkingSet (physical memory assigned to process): 411M, peak: 417M
current process commit charge ("private bytes"): 402M, peak: 944M

vm_info: OpenJDK 64-Bit Server VM (21.0.5+11-LTS) for windows-amd64 JRE (21.0.5+11-LTS), built on 2024-10-15T00:00:00Z by "admin" with MS VC++ 17.7 (VS2022)

END.
